Arguments: 
  /usr/bin/node /home/dan/.yarn/bin/yarn.js install istanbul

PATH: 
  /home/dan/.nix-profile/bin:/home/dan/.nix-profile/sbin:/home/dan/.cargo/bin:/home/dan/.yarn/bin:/home/dan/.config/yarn/global/node_modules/.bin:/home/dan/.nix-profile/bin:/home/dan/.nix-profile/sbin:/home/dan/.cargo/bin:/home/dan/.yarn/bin:/home/dan/.config/yarn/global/node_modules/.bin:/home/dan/.nix-profile/bin:/home/dan/.nix-profile/sbin:/home/dan/.cargo/bin:/home/dan/.rvm/gems/ruby-2.2.3/bin:/home/dan/.rvm/gems/ruby-2.2.3@global/bin:/home/dan/.rvm/rubies/ruby-2.2.3/bin:/usr/local/sbin:/usr/local/bin:/usr/sbin:/usr/bin:/sbin:/bin:/usr/games:/usr/local/games:/snap/bin:/home/dan/.rvm/bin:/home/dan/.rvm/bin:/home/dan/.cabal/bin:/home/dan/.local/bin:/home/dan/.cargo/bin:/home/dan/.rvm/bin:/home/dan/.rvm/bin:/home/dan/.cabal/bin:/home/dan/.local/bin:/home/dan/.cargo/bin:/home/dan/.rvm/bin

Yarn version: 
  1.5.1

Node version: 
  9.3.0

Platform: 
  linux x64

npm manifest: 
  {
    "dependencies": {
      "chalk": "^2.3.2",
      "diff": "^3.5.0",
      "error-stack-parser": "^2.0.1"
    }
  }

yarn manifest: 
  No manifest

Lockfile: 
  # THIS IS AN AUTOGENERATED FILE. DO NOT EDIT THIS FILE DIRECTLY.
  # yarn lockfile v1
  
  
  ansi-styles@^3.2.1:
    version "3.2.1"
    resolved "https://registry.yarnpkg.com/ansi-styles/-/ansi-styles-3.2.1.tgz#41fbb20243e50b12be0f04b8dedbf07520ce841d"
    dependencies:
      color-convert "^1.9.0"
  
  chalk@^2.3.2:
    version "2.3.2"
    resolved "https://registry.yarnpkg.com/chalk/-/chalk-2.3.2.tgz#250dc96b07491bfd601e648d66ddf5f60c7a5c65"
    dependencies:
      ansi-styles "^3.2.1"
      escape-string-regexp "^1.0.5"
      supports-color "^5.3.0"
  
  color-convert@^1.9.0:
    version "1.9.1"
    resolved "https://registry.yarnpkg.com/color-convert/-/color-convert-1.9.1.tgz#c1261107aeb2f294ebffec9ed9ecad529a6097ed"
    dependencies:
      color-name "^1.1.1"
  
  color-name@^1.1.1:
    version "1.1.3"
    resolved "https://registry.yarnpkg.com/color-name/-/color-name-1.1.3.tgz#a7d0558bd89c42f795dd42328f740831ca53bc25"
  
  diff@^3.5.0:
    version "3.5.0"
    resolved "https://registry.yarnpkg.com/diff/-/diff-3.5.0.tgz#800c0dd1e0a8bfbc95835c202ad220fe317e5a12"
  
  error-stack-parser@^2.0.1:
    version "2.0.1"
    resolved "https://registry.yarnpkg.com/error-stack-parser/-/error-stack-parser-2.0.1.tgz#a3202b8fb03114aa9b40a0e3669e48b2b65a010a"
    dependencies:
      stackframe "^1.0.3"
  
  escape-string-regexp@^1.0.5:
    version "1.0.5"
    resolved "https://registry.yarnpkg.com/escape-string-regexp/-/escape-string-regexp-1.0.5.tgz#1b61c0562190a8dff6ae3bb2cf0200ca130b86d4"
  
  has-flag@^3.0.0:
    version "3.0.0"
    resolved "https://registry.yarnpkg.com/has-flag/-/has-flag-3.0.0.tgz#b5d454dc2199ae225699f3467e5a07f3b955bafd"
  
  stackframe@^1.0.3:
    version "1.0.4"
    resolved "https://registry.yarnpkg.com/stackframe/-/stackframe-1.0.4.tgz#357b24a992f9427cba6b545d96a14ed2cbca187b"
  
  supports-color@^5.3.0:
    version "5.3.0"
    resolved "https://registry.yarnpkg.com/supports-color/-/supports-color-5.3.0.tgz#5b24ac15db80fa927cf5227a4a33fd3c4c7676c0"
    dependencies:
      has-flag "^3.0.0"

Trace: 
  Error: `install` has been replaced with `add` to add new dependencies. Run "yarn add istanbul" instead.
      at new MessageError (/home/dan/.yarn/lib/cli.js:186:110)
      at Object.<anonymous> (/home/dan/.yarn/lib/cli.js:21987:13)
      at Generator.next (<anonymous>)
      at step (/home/dan/.yarn/lib/cli.js:98:30)
      at /home/dan/.yarn/lib/cli.js:109:13
      at <anonymous>
